<?xml version="1.0" encoding="UTF-8"?>
<!-- Generated by org.testng.reporters.JUnitReportReporter -->
<testsuite hostname="DESKTOP-1UR8HFJ" failures="0" tests="1" name="testCases.TC_001_AccountRegistrationTest" time="71.578" errors="0" timestamp="2024-03-27T04:14:27 PDT" skipped="0">
  <testcase classname="testCases.TC_001_AccountRegistrationTest" name="verify_account_registration" time="71.578"/>
</testsuite> <!-- testCases.TC_001_AccountRegistrationTest -->
