<?xml version="1.0" encoding="UTF-8"?>
<!-- Generated by org.testng.reporters.JUnitReportReporter -->
<testsuite hostname="DESKTOP-1UR8HFJ" failures="0" tests="1" name="testCases.TC_001_LoginFunctionalityTest" time="114.162" errors="0" timestamp="2024-03-28T04:54:27 PDT" skipped="0">
  <testcase classname="testCases.TC_001_LoginFunctionalityTest" name="verify_login_functionality" time="114.162"/>
</testsuite> <!-- testCases.TC_001_LoginFunctionalityTest -->
