<?xml version="1.0" encoding="UTF-8"?>
<!-- Generated by org.testng.reporters.JUnitReportReporter -->
<testsuite hostname="DESKTOP-1UR8HFJ" failures="0" tests="1" name="testCases.TC_001_LoginFunctionalityTest" time="79.857" errors="0" timestamp="2024-03-28T05:05:15 PDT" skipped="0">
  <testcase classname="testCases.TC_001_LoginFunctionalityTest" name="verify_login_functionality" time="79.857"/>
</testsuite> <!-- testCases.TC_001_LoginFunctionalityTest -->
